[INFO ] 2021-05-14 20:21:16.762 [main] Log4j2 - PAss
[ERROR] 2021-05-14 20:21:16.764 [main] Log4j2 - Fail
[INFO ] 2021-05-14 20:23:40.245 [TestNG-test=Chrome Test-1] NewReleasesPage - Opening the New Release Page
[INFO ] 2021-05-16 20:12:39.488 [TestNG-test=Chrome Test-1] AddToCartPage - Adding Item in the cart
[INFO ] 2021-05-16 20:12:39.565 [TestNG-test=Chrome Test-1] SearchBookPage - select Books from the list of items
[INFO ] 2021-05-16 20:12:39.730 [TestNG-test=Chrome Test-1] SearchBookPage - Enter the book name in the search box :Java
[INFO ] 2021-05-16 20:12:41.719 [TestNG-test=Chrome Test-1] SearchBookPage - Search button clicked
[INFO ] 2021-05-16 20:12:41.791 [TestNG-test=Chrome Test-1] SearchBookPage - Item List page verified
[INFO ] 2021-05-16 20:12:41.792 [TestNG-test=Chrome Test-1] AddToCartPage - Click and Open the Item
[INFO ] 2021-05-16 20:12:41.998 [TestNG-test=Chrome Test-1] AddToCartPage - Switch to Item page
[INFO ] 2021-05-16 20:12:46.922 [TestNG-test=Chrome Test-1] AddToCartPage - Add To Cart button verified and clicked
[INFO ] 2021-05-16 20:12:47.003 [TestNG-test=Chrome Test-1] AddToCartPage - Item added into cart successfully
[INFO ] 2021-05-16 20:12:48.326 [TestNG-test=Chrome Test-1] AddToCartPage - Proceed to Buy button verified and clicked
[INFO ] 2021-05-16 20:12:48.327 [TestNG-test=Chrome Test-1] LoginPage - enter the email: abcNAGP@gmail.com
[INFO ] 2021-05-16 20:12:49.626 [TestNG-test=Chrome Test-1] LoginPage - Click Continue button
[INFO ] 2021-05-16 20:12:49.670 [TestNG-test=Chrome Test-1] LoginPage - Invalid login message verified successfully
[INFO ] 2021-05-16 20:12:58.120 [TestNG-test=Chrome Test-1] AmazonPrimePage - Amazon Prime link verified
[INFO ] 2021-05-16 20:12:58.299 [TestNG-test=Chrome Test-1] AmazonPrimePage - Mouseover on the Prime link
[INFO ] 2021-05-16 20:13:00.486 [TestNG-test=Chrome Test-1] AmazonPrimePage - Amazon Prime Page opened
[INFO ] 2021-05-16 20:13:01.250 [TestNG-test=Chrome Test-1] AmazonPrimePage - Verified Amazon Prime join
[INFO ] 2021-05-16 20:13:01.251 [TestNG-test=Chrome Test-1] LoginPage - enter the email: abcNAGP@gmail.com
[INFO ] 2021-05-16 20:13:02.173 [TestNG-test=Chrome Test-1] LoginPage - Click Continue button
[INFO ] 2021-05-16 20:13:02.202 [TestNG-test=Chrome Test-1] LoginPage - Invalid login message verified successfully
[INFO ] 2021-05-16 20:13:07.886 [TestNG-test=Chrome Test-1] ChangeLanguagePage - Verified language change country flag icon
[INFO ] 2021-05-16 20:13:08.047 [TestNG-test=Chrome Test-1] ChangeLanguagePage - Mouseover on the country flag icon
[INFO ] 2021-05-16 20:13:08.788 [TestNG-test=Chrome Test-1] ChangeLanguagePage - country flag icon clicked
[INFO ] 2021-05-16 20:13:08.849 [TestNG-test=Chrome Test-1] ChangeLanguagePage - Verified language change page
[INFO ] 2021-05-16 20:13:08.996 [TestNG-test=Chrome Test-1] ChangeLanguagePage - Desired language radio button clicked
[INFO ] 2021-05-16 20:13:10.915 [TestNG-test=Chrome Test-1] ChangeLanguagePage - Save button clicked
[INFO ] 2021-05-16 20:13:10.972 [TestNG-test=Chrome Test-1] ChangeLanguagePage - Verified home page
[INFO ] 2021-05-16 20:13:11.190 [TestNG-test=Chrome Test-1] ChangeLanguagePage - Mouseover on the country flag icon
[INFO ] 2021-05-16 20:13:13.286 [TestNG-test=Chrome Test-1] ChangeLanguagePage - Desired language has selected successfully
[INFO ] 2021-05-16 20:13:20.856 [TestNG-test=Chrome Test-1] AddToCartPage - Adding Item in the cart
[INFO ] 2021-05-16 20:13:20.912 [TestNG-test=Chrome Test-1] SearchBookPage - select Books from the list of items
[INFO ] 2021-05-16 20:13:21.081 [TestNG-test=Chrome Test-1] SearchBookPage - Enter the book name in the search box :Java
[INFO ] 2021-05-16 20:13:23.125 [TestNG-test=Chrome Test-1] SearchBookPage - Search button clicked
[INFO ] 2021-05-16 20:13:23.203 [TestNG-test=Chrome Test-1] SearchBookPage - Item List page verified
[INFO ] 2021-05-16 20:13:23.204 [TestNG-test=Chrome Test-1] AddToCartPage - Click and Open the Item
[INFO ] 2021-05-16 20:13:23.447 [TestNG-test=Chrome Test-1] AddToCartPage - Switch to Item page
[INFO ] 2021-05-16 20:13:27.794 [TestNG-test=Chrome Test-1] AddToCartPage - Add To Cart button verified and clicked
[INFO ] 2021-05-16 20:13:27.911 [TestNG-test=Chrome Test-1] AddToCartPage - Item added into cart successfully
[INFO ] 2021-05-16 20:13:29.851 [TestNG-test=Chrome Test-1] DeleteAndReAddItemPage - Open the cart page
[INFO ] 2021-05-16 20:13:29.892 [TestNG-test=Chrome Test-1] DeleteAndReAddItemPage - Cart page opened successfully
[INFO ] 2021-05-16 20:13:30.007 [TestNG-test=Chrome Test-1] DeleteAndReAddItemPage - Delete item button clicked
[INFO ] 2021-05-16 20:13:31.126 [TestNG-test=Chrome Test-1] DeleteAndReAddItemPage - verify cart is empty or not after deleting the item
[INFO ] 2021-05-16 20:13:32.797 [TestNG-test=Chrome Test-1] DeleteAndReAddItemPage - Scroll to the Re-Order button
[INFO ] 2021-05-16 20:13:35.012 [TestNG-test=Chrome Test-1] DeleteAndReAddItemPage - Re-Order button clicked
[INFO ] 2021-05-16 20:13:36.101 [TestNG-test=Chrome Test-1] AddToCartPage - Add To Cart button verified and clicked
[INFO ] 2021-05-16 20:13:36.165 [TestNG-test=Chrome Test-1] AddToCartPage - Item added into cart successfully
[INFO ] 2021-05-16 20:14:17.913 [TestNG-test=Chrome Test-1] NewReleasesPage - Opening the New Release Page
[INFO ] 2021-05-16 20:14:17.970 [TestNG-test=Chrome Test-1] NewReleasesPage - Clicking the All Dropdown
[INFO ] 2021-05-16 20:14:19.592 [TestNG-test=Chrome Test-1] NewReleasesPage - Clicking the New Releases link
[INFO ] 2021-05-16 20:14:20.633 [TestNG-test=Chrome Test-1] NewReleasesPage - Fetch the New Releases Page URL
[INFO ] 2021-05-16 20:14:20.685 [TestNG-test=Chrome Test-1] NewReleasesPage - The total no. of items present in New Releases Page is : 3
[INFO ] 2021-05-16 20:14:20.685 [TestNG-test=Chrome Test-1] NewReleasesPage - Add item in add to cart
[INFO ] 2021-05-16 20:14:25.453 [TestNG-test=Chrome Test-1] AddToCartPage - Add To Cart button verified and clicked
[INFO ] 2021-05-16 20:14:25.537 [TestNG-test=Chrome Test-1] AddToCartPage - Item added into cart successfully
[INFO ] 2021-05-16 20:14:25.537 [TestNG-test=Chrome Test-1] NewReleasesPage - Navigate back to the New Release Page
[INFO ] 2021-05-16 20:14:26.257 [TestNG-test=Chrome Test-1] NewReleasesPage - Add item in add to cart
[INFO ] 2021-05-16 20:15:04.358 [TestNG-test=Chrome Test-1] SearchBookPage - select Books from the list of items
[INFO ] 2021-05-16 20:15:04.507 [TestNG-test=Chrome Test-1] SearchBookPage - Enter the book name in the search box :Java
[INFO ] 2021-05-16 20:15:06.463 [TestNG-test=Chrome Test-1] SearchBookPage - Search button clicked
[INFO ] 2021-05-16 20:15:06.522 [TestNG-test=Chrome Test-1] SearchBookPage - Item List page verified
[INFO ] 2021-05-16 20:15:06.522 [TestNG-test=Chrome Test-1] SearchBookPage - fetch list of all the items visible on the page
[INFO ] 2021-05-16 20:15:06.548 [TestNG-test=Chrome Test-1] SearchBookPage - verify price tag for the items
[INFO ] 2021-05-16 20:15:06.995 [TestNG-test=Chrome Test-1] SearchBookPage - verifed price tag for all the items
[INFO ] 2021-05-16 20:15:13.626 [TestNG-test=Chrome Test-1] SelectYourAddressPage - Verified at clicked the address link
[INFO ] 2021-05-16 20:15:13.904 [TestNG-test=Chrome Test-1] SelectYourAddressPage - Switched to the new window
[INFO ] 2021-05-16 20:15:17.136 [TestNG-test=Chrome Test-1] SelectYourAddressPage - verified the address page
[INFO ] 2021-05-16 20:15:17.293 [TestNG-test=Chrome Test-1] SelectYourAddressPage - Invalid Pincode entered :111111 and clicked the apply button
[INFO ] 2021-05-16 20:15:17.869 [TestNG-test=Chrome Test-1] SelectYourAddressPage - verified the invalid Pincode error message
[INFO ] 2021-05-16 20:15:18.049 [TestNG-test=Chrome Test-1] SelectYourAddressPage - Valid Pincode entered :110023 and clicked the apply button
[INFO ] 2021-05-16 20:15:20.144 [TestNG-test=Chrome Test-1] SelectYourAddressPage - Switch back to the home page
[INFO ] 2021-05-16 20:15:20.169 [TestNG-test=Chrome Test-1] SelectYourAddressPage - Address has been selected
[INFO ] 2021-05-16 20:19:57.507 [TestNG-test=Chrome Test-1] LoginPage - Verified and clicked the Sign In button
[INFO ] 2021-05-16 20:19:57.560 [TestNG-test=Chrome Test-1] LoginPage - Sign In page opened successfully
[INFO ] 2021-05-16 20:19:57.561 [TestNG-test=Chrome Test-1] LoginPage - enter the email: abcNAGP@gmail.com
[INFO ] 2021-05-16 20:19:58.331 [TestNG-test=Chrome Test-1] LoginPage - Click Continue button
[INFO ] 2021-05-16 20:19:58.373 [TestNG-test=Chrome Test-1] LoginPage - Invalid login message verified successfully
[INFO ] 2021-05-16 20:30:14.120 [TestNG-test=Chrome Test-1] NewReleasesPage - Opening the New Release Page
[INFO ] 2021-05-16 20:30:14.258 [TestNG-test=Chrome Test-1] NewReleasesPage - Clicking the All Dropdown
[INFO ] 2021-05-16 20:30:15.533 [TestNG-test=Chrome Test-1] NewReleasesPage - Clicking the New Releases link
[INFO ] 2021-05-16 20:30:16.700 [TestNG-test=Chrome Test-1] NewReleasesPage - Fetch the New Releases Page URL
[INFO ] 2021-05-16 20:30:16.751 [TestNG-test=Chrome Test-1] NewReleasesPage - The total no. of items present in New Releases Page is : 3
[INFO ] 2021-05-16 20:30:16.753 [TestNG-test=Chrome Test-1] NewReleasesPage - Add item in add to cart
[INFO ] 2021-05-16 20:30:21.164 [TestNG-test=Chrome Test-1] AddToCartPage - Add To Cart button verified and clicked
[INFO ] 2021-05-16 20:30:21.254 [TestNG-test=Chrome Test-1] AddToCartPage - Item added into cart successfully
[INFO ] 2021-05-16 20:30:21.254 [TestNG-test=Chrome Test-1] NewReleasesPage - Navigate back to the New Release Page
[INFO ] 2021-05-16 20:30:22.065 [TestNG-test=Chrome Test-1] NewReleasesPage - Add item in add to cart
[INFO ] 2021-05-16 20:31:11.917 [TestNG-test=Chrome Test-1] NewReleasesPage - Opening the New Release Page
[INFO ] 2021-05-16 20:31:12.000 [TestNG-test=Chrome Test-1] NewReleasesPage - Clicking the All Dropdown
[INFO ] 2021-05-16 20:31:13.462 [TestNG-test=Chrome Test-1] NewReleasesPage - Clicking the New Releases link
[INFO ] 2021-05-16 20:31:14.623 [TestNG-test=Chrome Test-1] NewReleasesPage - Fetch the New Releases Page URL
[INFO ] 2021-05-16 20:31:14.685 [TestNG-test=Chrome Test-1] NewReleasesPage - The total no. of items present in New Releases Page is : 3
[INFO ] 2021-05-16 20:31:14.686 [TestNG-test=Chrome Test-1] NewReleasesPage - Add item in add to cart
[INFO ] 2021-05-16 20:31:31.185 [TestNG-test=Chrome Test-1] AddToCartPage - Add To Cart button verified and clicked
[INFO ] 2021-05-16 20:31:33.060 [TestNG-test=Chrome Test-1] AddToCartPage - Item added into cart successfully
[INFO ] 2021-05-16 20:31:34.524 [TestNG-test=Chrome Test-1] NewReleasesPage - Navigate back to the New Release Page
[INFO ] 2021-05-16 20:31:37.861 [TestNG-test=Chrome Test-1] NewReleasesPage - Add item in add to cart
[INFO ] 2021-05-16 20:34:40.395 [TestNG-test=Chrome Test-1] NewReleasesPage - Opening the New Release Page
[INFO ] 2021-05-16 20:34:40.459 [TestNG-test=Chrome Test-1] NewReleasesPage - Clicking the All Dropdown
[INFO ] 2021-05-16 20:34:41.818 [TestNG-test=Chrome Test-1] NewReleasesPage - Clicking the New Releases link
[INFO ] 2021-05-16 20:34:42.932 [TestNG-test=Chrome Test-1] NewReleasesPage - Fetch the New Releases Page URL
[INFO ] 2021-05-16 20:34:43.000 [TestNG-test=Chrome Test-1] NewReleasesPage - The total no. of items present in New Releases Page is : 3
[INFO ] 2021-05-16 20:34:43.001 [TestNG-test=Chrome Test-1] NewReleasesPage - Add item in add to cart
[INFO ] 2021-05-16 20:34:56.298 [TestNG-test=Chrome Test-1] AddToCartPage - Add To Cart button verified and clicked
[INFO ] 2021-05-16 20:34:58.069 [TestNG-test=Chrome Test-1] AddToCartPage - Item added into cart successfully
[INFO ] 2021-05-16 20:34:58.684 [TestNG-test=Chrome Test-1] NewReleasesPage - Navigate back to the New Release Page
[INFO ] 2021-05-16 20:35:00.851 [TestNG-test=Chrome Test-1] NewReleasesPage - Add item in add to cart
[INFO ] 2021-05-16 20:35:11.827 [TestNG-test=Chrome Test-1] NewReleasesPage - Add item in add to cart
[INFO ] 2021-05-16 20:35:47.169 [TestNG-test=Chrome Test-1] NewReleasesPage - Opening the New Release Page
[INFO ] 2021-05-16 20:35:47.250 [TestNG-test=Chrome Test-1] NewReleasesPage - Clicking the All Dropdown
[INFO ] 2021-05-16 20:35:48.890 [TestNG-test=Chrome Test-1] NewReleasesPage - Clicking the New Releases link
[INFO ] 2021-05-16 20:35:49.792 [TestNG-test=Chrome Test-1] NewReleasesPage - Fetch the New Releases Page URL
[INFO ] 2021-05-16 20:35:49.860 [TestNG-test=Chrome Test-1] NewReleasesPage - The total no. of items present in New Releases Page is : 3
[INFO ] 2021-05-16 20:35:49.860 [TestNG-test=Chrome Test-1] NewReleasesPage - Add item in add to cart
[INFO ] 2021-05-16 20:36:01.043 [TestNG-test=Chrome Test-1] AddToCartPage - Add To Cart button verified and clicked
[INFO ] 2021-05-16 20:36:02.822 [TestNG-test=Chrome Test-1] AddToCartPage - Item added into cart successfully
[INFO ] 2021-05-16 20:36:03.397 [TestNG-test=Chrome Test-1] NewReleasesPage - Navigate back to the New Release Page
[INFO ] 2021-05-16 20:36:05.749 [TestNG-test=Chrome Test-1] NewReleasesPage - Add item in add to cart
[INFO ] 2021-05-16 20:36:16.252 [TestNG-test=Chrome Test-1] NewReleasesPage - Add item in add to cart
[INFO ] 2021-05-16 20:36:48.718 [TestNG-test=Chrome Test-1] NewReleasesPage - All the items of New Releases Page are added into cart
[INFO ] 2021-05-16 20:55:47.522 [TestNG-test=Chrome Test-1] NewReleasesPage - Opening the New Release Page
[INFO ] 2021-05-16 20:55:47.628 [TestNG-test=Chrome Test-1] NewReleasesPage - Clicking the All Dropdown
[INFO ] 2021-05-16 20:55:48.947 [TestNG-test=Chrome Test-1] NewReleasesPage - Clicking the New Releases link
[INFO ] 2021-05-16 20:55:49.895 [TestNG-test=Chrome Test-1] NewReleasesPage - Fetch the New Releases Page URL
[INFO ] 2021-05-16 20:55:49.932 [TestNG-test=Chrome Test-1] NewReleasesPage - The total no. of items present in New Releases Page is : 0
[INFO ] 2021-05-16 20:56:21.465 [TestNG-test=Chrome Test-1] NewReleasesPage - Opening the New Release Page
[INFO ] 2021-05-16 20:56:21.525 [TestNG-test=Chrome Test-1] NewReleasesPage - Clicking the All Dropdown
[INFO ] 2021-05-16 20:56:24.539 [TestNG-test=Chrome Test-1] NewReleasesPage - Clicking the New Releases link
[INFO ] 2021-05-16 20:56:25.697 [TestNG-test=Chrome Test-1] NewReleasesPage - Fetch the New Releases Page URL
[INFO ] 2021-05-16 20:56:25.755 [TestNG-test=Chrome Test-1] NewReleasesPage - The total no. of items present in New Releases Page is : 3
[INFO ] 2021-05-16 20:56:25.756 [TestNG-test=Chrome Test-1] NewReleasesPage - Add item in add to cart
[INFO ] 2021-05-16 20:56:31.093 [TestNG-test=Chrome Test-1] AddToCartPage - Add To Cart button verified and clicked
[INFO ] 2021-05-16 20:56:31.171 [TestNG-test=Chrome Test-1] AddToCartPage - Item added into cart successfully
[INFO ] 2021-05-16 20:56:31.171 [TestNG-test=Chrome Test-1] NewReleasesPage - Navigate back to the New Release Page
[INFO ] 2021-05-16 20:56:31.940 [TestNG-test=Chrome Test-1] NewReleasesPage - Add item in add to cart
[INFO ] 2021-05-16 20:56:35.045 [TestNG-test=Chrome Test-1] NewReleasesPage - Add item in add to cart
[INFO ] 2021-05-16 20:56:38.924 [TestNG-test=Chrome Test-1] NewReleasesPage - All the items of New Releases Page are added into cart
[INFO ] 2021-05-16 20:57:16.948 [TestNG-test=Chrome Test-1] NewReleasesPage - Opening the New Release Page
[INFO ] 2021-05-16 20:57:17.031 [TestNG-test=Chrome Test-1] NewReleasesPage - Clicking the All Dropdown
[INFO ] 2021-05-16 20:57:18.401 [TestNG-test=Chrome Test-1] NewReleasesPage - Clicking the New Releases link
[INFO ] 2021-05-16 20:57:19.488 [TestNG-test=Chrome Test-1] NewReleasesPage - Fetch the New Releases Page URL
[INFO ] 2021-05-16 20:57:19.540 [TestNG-test=Chrome Test-1] NewReleasesPage - The total no. of items present in New Releases Page is : 3
[INFO ] 2021-05-16 20:57:19.541 [TestNG-test=Chrome Test-1] NewReleasesPage - Add item in add to cart
[INFO ] 2021-05-16 20:57:24.448 [TestNG-test=Chrome Test-1] AddToCartPage - Add To Cart button verified and clicked
[INFO ] 2021-05-16 20:57:24.544 [TestNG-test=Chrome Test-1] AddToCartPage - Item added into cart successfully
[INFO ] 2021-05-16 20:57:24.544 [TestNG-test=Chrome Test-1] NewReleasesPage - Navigate back to the New Release Page
[INFO ] 2021-05-16 20:57:25.334 [TestNG-test=Chrome Test-1] NewReleasesPage - Add item in add to cart
[INFO ] 2021-05-16 20:57:28.159 [TestNG-test=Chrome Test-1] NewReleasesPage - Add item in add to cart
[INFO ] 2021-05-16 20:57:32.047 [TestNG-test=Chrome Test-1] NewReleasesPage - All the items of New Releases Page are added into cart
[INFO ] 2021-05-16 21:01:26.315 [main] ChangeLanguagePage - Verified language change country flag icon
[INFO ] 2021-05-16 21:01:26.472 [main] ChangeLanguagePage - Mouseover on the country flag icon
[INFO ] 2021-05-16 21:01:28.135 [main] ChangeLanguagePage - country flag icon clicked
[INFO ] 2021-05-16 21:01:28.183 [main] ChangeLanguagePage - Verified language change page
[INFO ] 2021-05-16 21:01:28.258 [main] ChangeLanguagePage - Desired language radio button clicked
[INFO ] 2021-05-16 21:01:37.118 [main] ChangeLanguagePage - Save button clicked
[INFO ] 2021-05-16 21:01:37.177 [main] ChangeLanguagePage - Verified home page
[INFO ] 2021-05-16 21:01:37.389 [main] ChangeLanguagePage - Mouseover on the country flag icon
[INFO ] 2021-05-16 21:01:39.485 [main] ChangeLanguagePage - Desired language has selected successfully
[INFO ] 2021-05-16 21:01:58.055 [main] AmazonPrimePage - Amazon Prime link verified
[INFO ] 2021-05-16 21:01:58.205 [main] AmazonPrimePage - Mouseover on the Prime link
[INFO ] 2021-05-16 21:02:01.469 [main] AmazonPrimePage - Amazon Prime Page opened
[INFO ] 2021-05-16 21:02:03.369 [main] AmazonPrimePage - Verified Amazon Prime join
[INFO ] 2021-05-16 21:02:03.370 [main] LoginPage - enter the email: abcNAGP@gmail.com
[INFO ] 2021-05-16 21:02:03.957 [main] LoginPage - Click Continue button
[INFO ] 2021-05-16 21:02:04.007 [main] LoginPage - Invalid login message verified successfully
[INFO ] 2021-05-16 21:19:20.954 [TestNG-test=Chrome Test-1] AddToCartPage - Adding Item in the cart
[INFO ] 2021-05-16 21:19:21.006 [TestNG-test=Chrome Test-1] SearchBookPage - select Books from the list of items
[INFO ] 2021-05-16 21:19:21.189 [TestNG-test=Chrome Test-1] SearchBookPage - Enter the book name in the search box :Java
[INFO ] 2021-05-16 21:19:23.065 [TestNG-test=Chrome Test-1] SearchBookPage - Search button clicked
[INFO ] 2021-05-16 21:19:23.129 [TestNG-test=Chrome Test-1] SearchBookPage - Item List page verified
[INFO ] 2021-05-16 21:19:23.129 [TestNG-test=Chrome Test-1] AddToCartPage - Click and Open the Item
[INFO ] 2021-05-16 21:19:23.329 [TestNG-test=Chrome Test-1] AddToCartPage - Switch to Item page
[INFO ] 2021-05-16 21:19:28.742 [TestNG-test=Chrome Test-1] AddToCartPage - Add To Cart button verified and clicked
[INFO ] 2021-05-16 21:19:28.851 [TestNG-test=Chrome Test-1] AddToCartPage - Item added into cart successfully
[INFO ] 2021-05-16 21:19:29.971 [TestNG-test=Chrome Test-1] AddToCartPage - Proceed to Buy button verified and clicked
[INFO ] 2021-05-16 21:19:29.974 [TestNG-test=Chrome Test-1] LoginPage - enter the email: abcNAGP@gmail.com
[INFO ] 2021-05-16 21:19:31.344 [TestNG-test=Chrome Test-1] LoginPage - Click Continue button
[INFO ] 2021-05-16 21:19:31.400 [TestNG-test=Chrome Test-1] LoginPage - Invalid login message verified successfully
[INFO ] 2021-05-16 21:19:37.211 [TestNG-test=Chrome Test-1] AmazonPrimePage - Amazon Prime link verified
[INFO ] 2021-05-16 21:19:37.376 [TestNG-test=Chrome Test-1] AmazonPrimePage - Mouseover on the Prime link
[INFO ] 2021-05-16 21:19:39.252 [TestNG-test=Chrome Test-1] AmazonPrimePage - Amazon Prime Page opened
[INFO ] 2021-05-16 21:19:40.063 [TestNG-test=Chrome Test-1] AmazonPrimePage - Verified Amazon Prime join
[INFO ] 2021-05-16 21:19:40.063 [TestNG-test=Chrome Test-1] LoginPage - enter the email: abcNAGP@gmail.com
[INFO ] 2021-05-16 21:19:40.862 [TestNG-test=Chrome Test-1] LoginPage - Click Continue button
[INFO ] 2021-05-16 21:19:40.904 [TestNG-test=Chrome Test-1] LoginPage - Invalid login message verified successfully
[INFO ] 2021-05-16 21:19:46.616 [TestNG-test=Chrome Test-1] ChangeLanguagePage - Verified language change country flag icon
[INFO ] 2021-05-16 21:19:46.772 [TestNG-test=Chrome Test-1] ChangeLanguagePage - Mouseover on the country flag icon
[INFO ] 2021-05-16 21:19:47.622 [TestNG-test=Chrome Test-1] ChangeLanguagePage - country flag icon clicked
[INFO ] 2021-05-16 21:19:47.675 [TestNG-test=Chrome Test-1] ChangeLanguagePage - Verified language change page
[INFO ] 2021-05-16 21:19:47.754 [TestNG-test=Chrome Test-1] ChangeLanguagePage - Desired language radio button clicked
[INFO ] 2021-05-16 21:19:49.689 [TestNG-test=Chrome Test-1] ChangeLanguagePage - Save button clicked
[INFO ] 2021-05-16 21:19:49.740 [TestNG-test=Chrome Test-1] ChangeLanguagePage - Verified home page
[INFO ] 2021-05-16 21:19:49.904 [TestNG-test=Chrome Test-1] ChangeLanguagePage - Mouseover on the country flag icon
[INFO ] 2021-05-16 21:19:51.998 [TestNG-test=Chrome Test-1] ChangeLanguagePage - Desired language has selected successfully
[INFO ] 2021-05-16 21:19:58.090 [TestNG-test=Chrome Test-1] AddToCartPage - Adding Item in the cart
[INFO ] 2021-05-16 21:19:58.150 [TestNG-test=Chrome Test-1] SearchBookPage - select Books from the list of items
[INFO ] 2021-05-16 21:19:58.281 [TestNG-test=Chrome Test-1] SearchBookPage - Enter the book name in the search box :Java
[INFO ] 2021-05-16 21:20:00.045 [TestNG-test=Chrome Test-1] SearchBookPage - Search button clicked
[INFO ] 2021-05-16 21:20:00.110 [TestNG-test=Chrome Test-1] SearchBookPage - Item List page verified
[INFO ] 2021-05-16 21:20:00.110 [TestNG-test=Chrome Test-1] AddToCartPage - Click and Open the Item
[INFO ] 2021-05-16 21:20:00.311 [TestNG-test=Chrome Test-1] AddToCartPage - Switch to Item page
[INFO ] 2021-05-16 21:20:05.094 [TestNG-test=Chrome Test-1] AddToCartPage - Add To Cart button verified and clicked
[INFO ] 2021-05-16 21:20:05.214 [TestNG-test=Chrome Test-1] AddToCartPage - Item added into cart successfully
[INFO ] 2021-05-16 21:20:06.449 [TestNG-test=Chrome Test-1] DeleteAndReAddItemPage - Open the cart page
[INFO ] 2021-05-16 21:20:06.521 [TestNG-test=Chrome Test-1] DeleteAndReAddItemPage - Cart page opened successfully
[INFO ] 2021-05-16 21:20:06.641 [TestNG-test=Chrome Test-1] DeleteAndReAddItemPage - Delete item button clicked
[INFO ] 2021-05-16 21:20:07.232 [TestNG-test=Chrome Test-1] DeleteAndReAddItemPage - verify cart is empty or not after deleting the item
[INFO ] 2021-05-16 21:20:08.994 [TestNG-test=Chrome Test-1] DeleteAndReAddItemPage - Scroll to the Re-Order button
[INFO ] 2021-05-16 21:20:11.382 [TestNG-test=Chrome Test-1] DeleteAndReAddItemPage - Re-Order button clicked
[INFO ] 2021-05-16 21:20:12.408 [TestNG-test=Chrome Test-1] AddToCartPage - Add To Cart button verified and clicked
[INFO ] 2021-05-16 21:20:12.489 [TestNG-test=Chrome Test-1] AddToCartPage - Item added into cart successfully
[INFO ] 2021-05-16 21:20:18.981 [TestNG-test=Chrome Test-1] LoginPage - Verified and clicked the Sign In button
[INFO ] 2021-05-16 21:20:19.018 [TestNG-test=Chrome Test-1] LoginPage - Sign In page opened successfully
[INFO ] 2021-05-16 21:20:19.018 [TestNG-test=Chrome Test-1] LoginPage - enter the email: abcNAGP@gmail.com
[INFO ] 2021-05-16 21:20:19.716 [TestNG-test=Chrome Test-1] LoginPage - Click Continue button
[INFO ] 2021-05-16 21:20:19.750 [TestNG-test=Chrome Test-1] LoginPage - Invalid login message verified successfully
[INFO ] 2021-05-16 21:20:25.232 [TestNG-test=Chrome Test-1] NewReleasesPage - Opening the New Release Page
[INFO ] 2021-05-16 21:20:25.288 [TestNG-test=Chrome Test-1] NewReleasesPage - Clicking the All Dropdown
[INFO ] 2021-05-16 21:20:27.189 [TestNG-test=Chrome Test-1] NewReleasesPage - Clicking the New Releases link
[INFO ] 2021-05-16 21:20:28.364 [TestNG-test=Chrome Test-1] NewReleasesPage - Fetch the New Releases Page URL
[INFO ] 2021-05-16 21:20:28.411 [TestNG-test=Chrome Test-1] NewReleasesPage - The total no. of items present in New Releases Page is : 3
[INFO ] 2021-05-16 21:20:28.411 [TestNG-test=Chrome Test-1] NewReleasesPage - Add item in add to cart
[INFO ] 2021-05-16 21:20:35.199 [TestNG-test=Chrome Test-1] AddToCartPage - Add To Cart button verified and clicked
[INFO ] 2021-05-16 21:20:35.252 [TestNG-test=Chrome Test-1] AddToCartPage - Item added into cart successfully
[INFO ] 2021-05-16 21:20:35.252 [TestNG-test=Chrome Test-1] NewReleasesPage - Navigate back to the New Release Page
[INFO ] 2021-05-16 21:20:36.013 [TestNG-test=Chrome Test-1] NewReleasesPage - Add item in add to cart
[INFO ] 2021-05-16 21:20:38.845 [TestNG-test=Chrome Test-1] NewReleasesPage - Add item in add to cart
[INFO ] 2021-05-16 21:20:42.173 [TestNG-test=Chrome Test-1] NewReleasesPage - All the items of New Releases Page are added into cart
[INFO ] 2021-05-16 21:20:48.968 [TestNG-test=Chrome Test-1] SearchBookPage - select Books from the list of items
[INFO ] 2021-05-16 21:20:49.119 [TestNG-test=Chrome Test-1] SearchBookPage - Enter the book name in the search box :Java
[INFO ] 2021-05-16 21:20:51.140 [TestNG-test=Chrome Test-1] SearchBookPage - Search button clicked
[INFO ] 2021-05-16 21:20:51.208 [TestNG-test=Chrome Test-1] SearchBookPage - Item List page verified
[INFO ] 2021-05-16 21:20:51.208 [TestNG-test=Chrome Test-1] SearchBookPage - fetch list of all the items visible on the page
[INFO ] 2021-05-16 21:20:51.236 [TestNG-test=Chrome Test-1] SearchBookPage - verify price tag for the items
[INFO ] 2021-05-16 21:20:51.656 [TestNG-test=Chrome Test-1] SearchBookPage - verifed price tag for all the items
[INFO ] 2021-05-16 21:20:57.949 [TestNG-test=Chrome Test-1] SelectYourAddressPage - Verified at clicked the address link
[INFO ] 2021-05-16 21:20:57.983 [TestNG-test=Chrome Test-1] SelectYourAddressPage - Switched to the new window
[INFO ] 2021-05-16 21:21:01.255 [TestNG-test=Chrome Test-1] SelectYourAddressPage - verified the address page
[INFO ] 2021-05-16 21:21:01.435 [TestNG-test=Chrome Test-1] SelectYourAddressPage - Invalid Pincode entered :111111 and clicked the apply button
[INFO ] 2021-05-16 21:21:02.028 [TestNG-test=Chrome Test-1] SelectYourAddressPage - verified the invalid Pincode error message
[INFO ] 2021-05-16 21:21:02.218 [TestNG-test=Chrome Test-1] SelectYourAddressPage - Valid Pincode entered :110023 and clicked the apply button
[INFO ] 2021-05-16 21:21:04.343 [TestNG-test=Chrome Test-1] SelectYourAddressPage - Switch back to the home page
[INFO ] 2021-05-16 21:21:04.380 [TestNG-test=Chrome Test-1] SelectYourAddressPage - Address has been selected
[INFO ] 2021-05-16 21:23:51.601 [main] ChangeLanguagePage - Verified language change country flag icon
[INFO ] 2021-05-16 21:23:51.775 [main] ChangeLanguagePage - Mouseover on the country flag icon
[INFO ] 2021-05-16 21:23:52.551 [main] ChangeLanguagePage - country flag icon clicked
[INFO ] 2021-05-16 21:23:52.666 [main] ChangeLanguagePage - Verified language change page
[INFO ] 2021-05-16 21:23:52.752 [main] ChangeLanguagePage - Desired language radio button clicked
[INFO ] 2021-05-16 21:23:54.825 [main] ChangeLanguagePage - Save button clicked
[INFO ] 2021-05-16 21:23:54.898 [main] ChangeLanguagePage - Verified home page
[INFO ] 2021-05-16 21:23:55.095 [main] ChangeLanguagePage - Mouseover on the country flag icon
[INFO ] 2021-05-16 21:23:57.193 [main] ChangeLanguagePage - Desired language has selected successfully
[INFO ] 2021-05-16 21:24:03.559 [main] AmazonPrimePage - Amazon Prime link verified
[INFO ] 2021-05-16 21:24:03.719 [main] AmazonPrimePage - Mouseover on the Prime link
[INFO ] 2021-05-16 21:24:06.098 [main] AmazonPrimePage - Amazon Prime Page opened
[INFO ] 2021-05-16 21:24:06.703 [main] AmazonPrimePage - Verified Amazon Prime join
[INFO ] 2021-05-16 21:24:06.704 [main] LoginPage - enter the email: abcNAGP@gmail.com
[INFO ] 2021-05-16 21:24:07.604 [main] LoginPage - Click Continue button
[INFO ] 2021-05-16 21:24:07.635 [main] LoginPage - Invalid login message verified successfully
[INFO ] 2021-05-16 21:34:37.087 [main] ChangeLanguagePage - Verified language change country flag icon
[INFO ] 2021-05-16 21:34:37.277 [main] ChangeLanguagePage - Mouseover on the country flag icon
[INFO ] 2021-05-16 21:34:38.149 [main] ChangeLanguagePage - country flag icon clicked
[INFO ] 2021-05-16 21:34:38.235 [main] ChangeLanguagePage - Verified language change page
[INFO ] 2021-05-16 21:34:38.338 [main] ChangeLanguagePage - Desired language radio button clicked
[INFO ] 2021-05-16 21:34:40.471 [main] ChangeLanguagePage - Save button clicked
[INFO ] 2021-05-16 21:34:40.539 [main] ChangeLanguagePage - Verified home page
[INFO ] 2021-05-16 21:34:40.699 [main] ChangeLanguagePage - Mouseover on the country flag icon
[INFO ] 2021-05-16 21:34:42.785 [main] ChangeLanguagePage - Desired language has selected successfully
[INFO ] 2021-05-16 21:34:48.895 [main] AmazonPrimePage - Amazon Prime link verified
[INFO ] 2021-05-16 21:34:49.056 [main] AmazonPrimePage - Mouseover on the Prime link
[INFO ] 2021-05-16 21:34:51.003 [main] AmazonPrimePage - Amazon Prime Page opened
[INFO ] 2021-05-16 21:34:52.080 [main] AmazonPrimePage - Verified Amazon Prime join
[INFO ] 2021-05-16 21:34:52.082 [main] LoginPage - enter the email: abcNAGP@gmail.com
[INFO ] 2021-05-16 21:34:52.984 [main] LoginPage - Click Continue button
[INFO ] 2021-05-16 21:34:53.013 [main] LoginPage - Invalid login message verified successfully
[INFO ] 2021-05-16 21:40:58.163 [main] ChangeLanguagePage - Verified language change country flag icon
[INFO ] 2021-05-16 21:40:58.361 [main] ChangeLanguagePage - Mouseover on the country flag icon
[INFO ] 2021-05-16 21:41:00.057 [main] ChangeLanguagePage - country flag icon clicked
[INFO ] 2021-05-16 21:41:00.180 [main] ChangeLanguagePage - Verified language change page
[INFO ] 2021-05-16 21:41:00.456 [main] ChangeLanguagePage - Desired language radio button clicked
[INFO ] 2021-05-16 21:41:01.544 [main] ChangeLanguagePage - Save button clicked
[INFO ] 2021-05-16 21:41:02.225 [main] ChangeLanguagePage - Verified home page
[INFO ] 2021-05-16 21:41:02.400 [main] ChangeLanguagePage - Mouseover on the country flag icon
[INFO ] 2021-05-16 21:41:05.024 [main] ChangeLanguagePage - Desired language has selected successfully
[INFO ] 2021-05-16 21:41:13.552 [main] AmazonPrimePage - Amazon Prime link verified
[INFO ] 2021-05-16 21:41:13.703 [main] AmazonPrimePage - Mouseover on the Prime link
[INFO ] 2021-05-16 21:41:15.786 [main] AmazonPrimePage - Amazon Prime Page opened
[INFO ] 2021-05-16 21:41:16.478 [main] AmazonPrimePage - Verified Amazon Prime join
[INFO ] 2021-05-16 21:41:16.480 [main] LoginPage - enter the email: abcNAGP@gmail.com
[INFO ] 2021-05-16 21:41:17.187 [main] LoginPage - Click Continue button
[INFO ] 2021-05-16 21:41:17.228 [main] LoginPage - Invalid login message verified successfully
[INFO ] 2022-02-23 13:02:32.603 [pool-2-thread-1] LoginPage - Verified and clicked the Sign In button
[INFO ] 2022-02-23 13:02:32.801 [pool-2-thread-1] LoginPage - Sign In page opened successfully
[INFO ] 2022-02-23 13:02:32.801 [pool-2-thread-1] LoginPage - enter the email: abcNAGP@gmail.com
[INFO ] 2022-02-23 13:02:33.733 [pool-2-thread-1] LoginPage - Click Continue button
[INFO ] 2022-02-23 13:02:33.834 [pool-2-thread-1] LoginPage - Invalid login message verified successfully
[INFO ] 2022-02-23 13:02:42.456 [pool-2-thread-1] SelectYourAddressPage - Verified at clicked the address link
[INFO ] 2022-02-23 13:02:42.485 [pool-2-thread-1] SelectYourAddressPage - Switched to the new window
[INFO ] 2022-02-23 13:03:56.649 [pool-2-thread-1] LoginPage - Verified and clicked the Sign In button
[INFO ] 2022-02-23 13:03:56.942 [pool-2-thread-1] LoginPage - Sign In page opened successfully
[INFO ] 2022-02-23 13:03:56.942 [pool-2-thread-1] LoginPage - enter the email: abcNAGP@gmail.com
[INFO ] 2022-02-23 13:03:57.952 [pool-2-thread-1] LoginPage - Click Continue button
[INFO ] 2022-02-23 13:03:58.035 [pool-2-thread-1] LoginPage - Invalid login message verified successfully
[INFO ] 2022-02-23 13:04:08.073 [pool-2-thread-1] SelectYourAddressPage - Verified at clicked the address link
[INFO ] 2022-02-23 13:04:08.100 [pool-2-thread-1] SelectYourAddressPage - Switched to the new window
